<?xml version="1.0" encoding="UTF-8"?>
<!-- Generated by org.testng.reporters.JUnitXMLReporter -->
<testsuite ignored="0" hostname="LAPTOP-TOSEA342" failures="1" tests="1" name="Test" time="4.848" errors="0" timestamp="2022-12-15T00:54:24 IST">
  <testcase classname="Com.Test.Test_1" name="verify_loginpage" time="0.028">
    <failure type="java.lang.RuntimeException" message="java.lang.reflect.InvocationTargetException">
      <![CDATA[java.lang.RuntimeException: java.lang.reflect.InvocationTargetException
at org.openqa.selenium.support.PageFactory.instantiatePage(PageFactory.java:132)
at org.openqa.selenium.support.PageFactory.initElements(PageFactory.java:64)
at Com.Test.Test_1.verify_loginpage(Test_1.java:16)
at java.base/java.util.ArrayList.forEach(ArrayList.java:1511)
at org.openqa.selenium.support.PageFactory.instantiatePage(PageFactory.java:129)
... 28 more
Caused by: java.lang.Error: Unresolved compilation problem: 
Syntax error on token "}", delete this token

at Com.Pages.LoginPage.<init>(LoginPage.java:39)
... 31 more
... Removed 30 stack frames]]>
    </failure>
  </testcase> <!-- verify_loginpage -->
</testsuite> <!-- Test -->
